<?xml version="1.0" encoding="UTF-8"?>
<testng-results ignored="0" total="1" passed="1" failed="0" skipped="0">
  <reporter-output>
  </reporter-output>
  <suite started-at="2024-08-28T14:13:53 IST" name="Default suite" finished-at="2024-08-28T14:25:04 IST" duration-ms="671794">
    <groups>
    </groups>
    <test started-at="2024-08-28T14:13:53 IST" name="Default test" finished-at="2024-08-28T14:25:04 IST" duration-ms="671794">
      <class name="Sprint_Two.SprintTwoAllOperations">
        <test-method is-config="true" signature="setup()[pri:0, instance:Sprint_Two.SprintTwoAllOperations@17fc391b]" started-at="2024-08-28T14:13:53 IST" name="setup" finished-at="2024-08-28T14:14:01 IST" duration-ms="8577" status="PASS">
          <reporter-output>
          </reporter-output>
        </test-method> <!-- setup -->
        <test-method signature="AllOperationsUiTest()[pri:0, instance:Sprint_Two.SprintTwoAllOperations@17fc391b]" started-at="2024-08-28T14:14:01 IST" name="AllOperationsUiTest" finished-at="2024-08-28T14:25:04 IST" duration-ms="663158" status="PASS">
          <reporter-output>
          </reporter-output>
        </test-method> <!-- AllOperationsUiTest -->
      </class> <!-- Sprint_Two.SprintTwoAllOperations -->
    </test> <!-- Default test -->
  </suite> <!-- Default suite -->
</testng-results>
